<?xml version="1.0" encoding="UTF-8"?>
<testng-results ignored="1" total="2" passed="1" failed="0" skipped="0">
  <reporter-output>
  </reporter-output>
  <suite started-at="2023-02-07T01:32:13Z" name="Default suite" finished-at="2023-02-07T01:32:27Z" duration-ms="14475">
    <groups>
    </groups>
    <test started-at="2023-02-07T01:32:13Z" name="Default test" finished-at="2023-02-07T01:32:27Z" duration-ms="14475">
      <class name="com.training.tests.logintest">
        <test-method is-config="true" signature="beforeMethod()[pri:0, instance:com.training.tests.logintest@6caf0677]" started-at="2023-02-07T01:32:13Z" name="beforeMethod" finished-at="2023-02-07T01:32:19Z" duration-ms="6169" status="PASS">
          <reporter-output>
          </reporter-output>
        </test-method> <!-- beforeMethod -->
        <test-method signature="dropdown5()[pri:0, instance:com.training.tests.logintest@6caf0677]" started-at="2023-02-07T01:32:19Z" name="dropdown5" finished-at="2023-02-07T01:32:27Z" duration-ms="8267" status="PASS">
          <reporter-output>
          </reporter-output>
        </test-method> <!-- dropdown5 -->
        <test-method is-config="true" signature="teardown()[pri:0, instance:com.training.tests.logintest@6caf0677]" started-at="2023-02-07T01:32:27Z" name="teardown" finished-at="2023-02-07T01:32:27Z" duration-ms="1" status="PASS">
          <reporter-output>
          </reporter-output>
        </test-method> <!-- teardown -->
      </class> <!-- com.training.tests.logintest -->
    </test> <!-- Default test -->
  </suite> <!-- Default suite -->
</testng-results>
