<?xml version="1.0" encoding="UTF-8"?>
<!-- Generated by org.testng.reporters.JUnitXMLReporter -->
<testsuite ignored="1" hostname="Laptop" failures="0" tests="1" name="Default test" time="14.475" errors="0" timestamp="07 Feb 2023 01:32:28 GMT">
  <testcase classname="com.training.tests.logintest" name="dropdown5" time="8.267"/>
  <testcase classname="com.training.tests.logintest" name="invalidlogin4B" time="0.0">
    <ignored/>
  </testcase> <!-- invalidlogin4B -->
</testsuite> <!-- Default test -->
