<?xml version="1.0" encoding="UTF-8"?>
<!-- Generated by org.testng.reporters.JUnitXMLReporter -->
<testsuite ignored="36" hostname="Laptop" failures="0" tests="1" name="tests(failed)(failed)" time="82.277" errors="0" timestamp="21 Feb 2023 04:30:12 GMT">
  <testcase classname="com.jan23.tests.Login" name="editview" time="77.683"/>
  <testcase classname="com.jan23.tests.Login" name="contactsnewview" time="0.0">
    <ignored/>
  </testcase> <!-- contactsnewview -->
  <testcase classname="com.jan23.tests.Login" name="contactsSave" time="0.0">
    <ignored/>
  </testcase> <!-- contactsSave -->
  <testcase classname="com.jan23.tests.Login" name="leadstab" time="0.0">
    <ignored/>
  </testcase> <!-- leadstab -->
  <testcase classname="com.jan23.tests.Login" name="datelink" time="0.0">
    <ignored/>
  </testcase> <!-- datelink -->
  <testcase classname="com.jan23.tests.Login" name="contactshome" time="0.0">
    <ignored/>
  </testcase> <!-- contactshome -->
  <testcase classname="com.jan23.tests.Login" name="loginNegTC" time="0.0">
    <ignored/>
  </testcase> <!-- loginNegTC -->
  <testcase classname="com.jan23.tests.Login" name="accountView" time="0.0">
    <ignored/>
  </testcase> <!-- accountView -->
  <testcase classname="com.jan23.tests.Login" name="devconsole" time="0.0">
    <ignored/>
  </testcase> <!-- devconsole -->
  <testcase classname="com.jan23.tests.Login" name="merge" time="0.0">
    <ignored/>
  </testcase> <!-- merge -->
  <testcase classname="com.jan23.tests.Login" name="contactsdrp" time="0.0">
    <ignored/>
  </testcase> <!-- contactsdrp -->
  <testcase classname="com.jan23.tests.Login" name="contactsnew" time="0.0">
    <ignored/>
  </testcase> <!-- contactsnew -->
  <testcase classname="com.jan23.tests.Login" name="random" time="0.0">
    <ignored/>
  </testcase> <!-- random -->
  <testcase classname="com.jan23.tests.Login" name="oppostucklink" time="0.0">
    <ignored/>
  </testcase> <!-- oppostucklink -->
  <testcase classname="com.jan23.tests.Login" name="datlink" time="0.0">
    <ignored/>
  </testcase> <!-- datlink -->
  <testcase classname="com.jan23.tests.Login" name="opportunitynew" time="0.0">
    <ignored/>
  </testcase> <!-- opportunitynew -->
  <testcase classname="com.jan23.tests.Login" name="selpersonal" time="0.0">
    <ignored/>
  </testcase> <!-- selpersonal -->
  <testcase classname="com.jan23.tests.Login" name="acctName" time="0.0">
    <ignored/>
  </testcase> <!-- acctName -->
  <testcase classname="com.jan23.tests.Login" name="clickMyProfile" time="0.0">
    <ignored/>
  </testcase> <!-- clickMyProfile -->
  <testcase classname="com.jan23.tests.Login" name="leadsTodaysleads" time="0.0">
    <ignored/>
  </testcase> <!-- leadsTodaysleads -->
  <testcase classname="com.jan23.tests.Login" name="opportunitylink" time="0.0">
    <ignored/>
  </testcase> <!-- opportunitylink -->
  <testcase classname="com.jan23.tests.Login" name="quaterlysummary" time="0.0">
    <ignored/>
  </testcase> <!-- quaterlysummary -->
  <testcase classname="com.jan23.tests.Login" name="accReport" time="0.0">
    <ignored/>
  </testcase> <!-- accReport -->
  <testcase classname="com.jan23.tests.Login" name="opportunity" time="0.0">
    <ignored/>
  </testcase> <!-- opportunity -->
  <testcase classname="com.jan23.tests.Login" name="loginpage" time="0.0">
    <ignored/>
  </testcase> <!-- loginpage -->
  <testcase classname="com.jan23.tests.Login" name="chklogout" time="0.0">
    <ignored/>
  </testcase> <!-- chklogout -->
  <testcase classname="com.jan23.tests.Login" name="leadlastname" time="0.0">
    <ignored/>
  </testcase> <!-- leadlastname -->
  <testcase classname="com.jan23.tests.Login" name="mycontacts" time="0.0">
    <ignored/>
  </testcase> <!-- mycontacts -->
  <testcase classname="com.jan23.tests.Login" name="contactsRecent" time="0.0">
    <ignored/>
  </testcase> <!-- contactsRecent -->
  <testcase classname="com.jan23.tests.Login" name="clickGoBtn" time="0.0">
    <ignored/>
  </testcase> <!-- clickGoBtn -->
  <testcase classname="com.jan23.tests.Login" name="usernamedropdown" time="0.0">
    <ignored/>
  </testcase> <!-- usernamedropdown -->
  <testcase classname="com.jan23.tests.Login" name="homepage" time="0.0">
    <ignored/>
  </testcase> <!-- homepage -->
  <testcase classname="com.jan23.tests.Login" name="forgotpwd" time="0.0">
    <ignored/>
  </testcase> <!-- forgotpwd -->
  <testcase classname="com.jan23.tests.Login" name="contactsview" time="0.0">
    <ignored/>
  </testcase> <!-- contactsview -->
  <testcase classname="com.jan23.tests.Login" name="leadsdrp" time="0.0">
    <ignored/>
  </testcase> <!-- leadsdrp -->
  <testcase classname="com.jan23.tests.Login" name="custmytabs" time="0.0">
    <ignored/>
  </testcase> <!-- custmytabs -->
  <testcase classname="com.jan23.tests.Login" name="rememberMe" time="0.0">
    <ignored/>
  </testcase> <!-- rememberMe -->
</testsuite> <!-- tests(failed)(failed) -->
